
*** Running vivado
    with args -log ex04.vdi -applog -m64 -product Vivado -messageDb vivado.pb -mode batch -source ex04.tcl -notrace


****** Vivado v2018.2 (64-bit)
  **** SW Build 2258646 on Thu Jun 14 20:03:12 MDT 2018
  **** IP Build 2256618 on Thu Jun 14 22:10:49 MDT 2018
    ** Copyright 1986-2018 Xilinx, Inc. All Rights Reserved.

source ex04.tcl -notrace
Command: link_design -top ex04 -part xc7a100tcsg324-1
Design is defaulting to srcset: sources_1
Design is defaulting to constrset: constrs_1
INFO: [Netlist 29-17] Analyzing 5 Unisim elements for replacement
INFO: [Netlist 29-28] Unisim Transformation completed in 0 CPU seconds
INFO: [Project 1-479] Netlist was created with Vivado 2018.2
INFO: [Device 21-403] Loading part xc7a100tcsg324-1
INFO: [Project 1-570] Preparing netlist for logic optimization
Parsing XDC File [D:/Source/Digital-Design-Software/Lab01/Lab0104/Lab0104.srcs/constrs_1/new/ex04.xdc]
Finished Parsing XDC File [D:/Source/Digital-Design-Software/Lab01/Lab0104/Lab0104.srcs/constrs_1/new/ex04.xdc]
INFO: [Opt 31-138] Pushed 0 inverter(s) to 0 load pin(s).
INFO: [Project 1-111] Unisim Transformation Summary:
No Unisim elements were transformed.

7 Infos, 0 Warnings, 0 Critical Warnings and 0 Errors encountered.
link_design completed successfully
link_design: Time (s): cpu = 00:00:05 ; elapsed = 00:00:07 . Memory (MB): peak = 652.465 ; gain = 320.348
Command: opt_design
Attempting to get a license for feature 'Implementation' and/or device 'xc7a100t'
INFO: [Common 17-349] Got license for feature 'Implementation' and/or device 'xc7a100t'
Running DRC as a precondition to command opt_design

Starting DRC Task
INFO: [DRC 23-27] Running DRC with 2 threads
INFO: [Project 1-461] DRC finished with 0 Errors
INFO: [Project 1-462] Please refer to the DRC report (report_drc) for more information.

Time (s): cpu = 00:00:00 ; elapsed = 00:00:00.105 . Memory (MB): peak = 654.582 ; gain = 2.117

Starting Cache Timing Information Task
INFO: [Timing 38-35] Done setting XDC timing constraints.
Ending Cache Timing Information Task | Checksum: 188500b04

Time (s): cpu = 00:00:09 ; elapsed = 00:00:10 . Memory (MB): peak = 1189.371 ; gain = 534.789

Starting Logic Optimization Task

Phase 1 Retarget
INFO: [Opt 31-138] Pushed 0 inverter(s) to 0 load pin(s).
INFO: [Opt 31-49] Retargeted 0 cell(s).
Phase 1 Retarget | Checksum: 188500b04

Time (s): cpu = 00:00:00 ; elapsed = 00:00:00.005 . Memory (MB): peak = 1189.371 ; gain = 0.000
INFO: [Opt 31-389] Phase Retarget created 0 cells and removed 0 cells

Phase 2 Constant propagation
INFO: [Opt 31-138] Pushed 0 inverter(s) to 0 load pin(s).
Phase 2 Constant propagation | Checksum: 188500b04

Time (s): cpu = 00:00:00 ; elapsed = 00:00:00.006 . Memory (MB): peak = 1189.371 ; gain = 0.000
INFO: [Opt 31-389] Phase Constant propagation created 0 cells and removed 0 cells

Phase 3 Sweep
Phase 3 Sweep | Checksum: 188500b04

Time (s): cpu = 00:00:00 ; elapsed = 00:00:00.007 . Memory (MB): peak = 1189.371 ; gain = 0.000
INFO: [Opt 31-389] Phase Sweep created 0 cells and removed 0 cells

Phase 4 BUFG optimization
Phase 4 BUFG optimization | Checksum: 188500b04

Time (s): cpu = 00:00:00 ; elapsed = 00:00:00.007 . Memory (MB): peak = 1189.371 ; gain = 0.000
INFO: [Opt 31-662] Phase BUFG optimization created 0 cells of which 0 are BUFGs and removed 0 cells.

Phase 5 Shift Register Optimization
Phase 5 Shift Register Optimization | Checksum: 188500b04

Time (s): cpu = 00:00:00 ; elapsed = 00:00:00.009 . Memory (MB): peak = 1189.371 ; gain = 0.000
INFO: [Opt 31-389] Phase Shift Register Optimization created 0 cells and removed 0 cells

Phase 6 Post Processing Netlist
Phase 6 Post Processing Netlist | Checksum: 188500b04

Time (s): cpu = 00:00:00 ; elapsed = 00:00:00.011 . Memory (MB): peak = 1189.371 ; gain = 0.000
INFO: [Opt 31-389] Phase Post Processing Netlist created 0 cells and removed 0 cells

Starting Connectivity Check Task

Time (s): cpu = 00:00:00 ; elapsed = 00:00:00.001 . Memory (MB): peak = 1189.371 ; gain = 0.000
Ending Logic Optimization Task | Checksum: 188500b04

Time (s): cpu = 00:00:00 ; elapsed = 00:00:00.012 . Memory (MB): peak = 1189.371 ; gain = 0.000

Starting Power Optimization Task
INFO: [Pwropt 34-132] Skipping clock gating for clocks with a period < 2.00 ns.
Ending Power Optimization Task | Checksum: 188500b04

Time (s): cpu = 00:00:00 ; elapsed = 00:00:00.009 . Memory (MB): peak = 1189.371 ; gain = 0.000

Starting Final Cleanup Task
Ending Final Cleanup Task | Checksum: 188500b04

Time (s): cpu = 00:00:00 ; elapsed = 00:00:00 . Memory (MB): peak = 1189.371 ; gain = 0.000
INFO: [Common 17-83] Releasing license: Implementation
23 Infos, 0 Warnings, 0 Critical Warnings and 0 Errors encountered.
opt_design completed successfully
opt_design: Time (s): cpu = 00:00:09 ; elapsed = 00:00:10 . Memory (MB): peak = 1189.371 ; gain = 536.906
INFO: [Timing 38-480] Writing timing data to binary archive.
Writing placer database...
Writing XDEF routing.
Writing XDEF routing logical nets.
Writing XDEF routing special nets.
Write XDEF Complete: Time (s): cpu = 00:00:00 ; elapsed = 00:00:00.037 . Memory (MB): peak = 1189.371 ; gain = 0.000
INFO: [Common 17-1381] The checkpoint 'D:/Source/Digital-Design-Software/Lab01/Lab0104/Lab0104.runs/impl_1/ex04_opt.dcp' has been generated.
INFO: [runtcl-4] Executing : report_drc -file ex04_drc_opted.rpt -pb ex04_drc_opted.pb -rpx ex04_drc_opted.rpx
Command: report_drc -file ex04_drc_opted.rpt -pb ex04_drc_opted.pb -rpx ex04_drc_opted.rpx
INFO: [IP_Flow 19-234] Refreshing IP repositories
INFO: [IP_Flow 19-1704] No user IP repositories specified
INFO: [IP_Flow 19-2313] Loaded Vivado IP repository 'D:/Xilinx/Vivado/2018.2/data/ip'.
INFO: [DRC 23-27] Running DRC with 2 threads
INFO: [Coretcl 2-168] The results of DRC are in file D:/Source/Digital-Design-Software/Lab01/Lab0104/Lab0104.runs/impl_1/ex04_drc_opted.rpt.
report_drc completed successfully
Command: place_design
Attempting to get a license for feature 'Implementation' and/or device 'xc7a100t'
INFO: [Common 17-349] Got license for feature 'Implementation' and/or device 'xc7a100t'
INFO: [DRC 23-27] Running DRC with 2 threads
INFO: [Vivado_Tcl 4-198] DRC finished with 0 Errors
INFO: [Vivado_Tcl 4-199] Please refer to the DRC report (report_drc) for more information.
Running DRC as a precondition to command place_design
INFO: [DRC 23-27] Running DRC with 2 threads
INFO: [Vivado_Tcl 4-198] DRC finished with 0 Errors
INFO: [Vivado_Tcl 4-199] Please refer to the DRC report (report_drc) for more information.

Starting Placer Task
INFO: [Place 30-611] Multithreading enabled for place_design using a maximum of 2 CPUs

Phase 1 Placer Initialization

Phase 1.1 Placer Initialization Netlist Sorting
Netlist sorting complete. Time (s): cpu = 00:00:00 ; elapsed = 00:00:00 . Memory (MB): peak = 1189.371 ; gain = 0.000
Phase 1.1 Placer Initialization Netlist Sorting | Checksum: a3897556

Time (s): cpu = 00:00:00 ; elapsed = 00:00:00.004 . Memory (MB): peak = 1189.371 ; gain = 0.000
Netlist sorting complete. Time (s): cpu = 00:00:00 ; elapsed = 00:00:00 . Memory (MB): peak = 1189.371 ; gain = 0.000

Phase 1.2 IO Placement/ Clock Placement/ Build Placer Device
INFO: [Timing 38-35] Done setting XDC timing constraints.
Phase 1.2 IO Placement/ Clock Placement/ Build Placer Device | Checksum: a3897556

Time (s): cpu = 00:00:01 ; elapsed = 00:00:00.749 . Memory (MB): peak = 1214.297 ; gain = 24.926

Phase 1.3 Build Placer Netlist Model
Phase 1.3 Build Placer Netlist Model | Checksum: 1386a1077

Time (s): cpu = 00:00:01 ; elapsed = 00:00:00.775 . Memory (MB): peak = 1214.297 ; gain = 24.926

Phase 1.4 Constrain Clocks/Macros
Phase 1.4 Constrain Clocks/Macros | Checksum: 1386a1077

Time (s): cpu = 00:00:01 ; elapsed = 00:00:00.778 . Memory (MB): peak = 1214.297 ; gain = 24.926
Phase 1 Placer Initialization | Checksum: 1386a1077

Time (s): cpu = 00:00:01 ; elapsed = 00:00:00.779 . Memory (MB): peak = 1214.297 ; gain = 24.926

Phase 2 Global Placement

Phase 2.1 Floorplanning
Phase 2.1 Floorplanning | Checksum: 1386a1077

Time (s): cpu = 00:00:01 ; elapsed = 00:00:00.801 . Memory (MB): peak = 1214.297 ; gain = 24.926
WARNING: [Place 46-29] place_design is not in timing mode. Skip physical synthesis in placer
Phase 2 Global Placement | Checksum: 125f4c7ac

Time (s): cpu = 00:00:01 ; elapsed = 00:00:01 . Memory (MB): peak = 1215.711 ; gain = 26.340

Phase 3 Detail Placement

Phase 3.1 Commit Multi Column Macros
Phase 3.1 Commit Multi Column Macros | Checksum: 125f4c7ac

Time (s): cpu = 00:00:01 ; elapsed = 00:00:01 . Memory (MB): peak = 1215.711 ; gain = 26.340

Phase 3.2 Commit Most Macros & LUTRAMs
Phase 3.2 Commit Most Macros & LUTRAMs | Checksum: cc36999a

Time (s): cpu = 00:00:01 ; elapsed = 00:00:01 . Memory (MB): peak = 1215.711 ; gain = 26.340

Phase 3.3 Area Swap Optimization
Phase 3.3 Area Swap Optimization | Checksum: 1324eee3f

Time (s): cpu = 00:00:01 ; elapsed = 00:00:01 . Memory (MB): peak = 1215.711 ; gain = 26.340

Phase 3.4 Pipeline Register Optimization
Phase 3.4 Pipeline Register Optimization | Checksum: 1324eee3f

Time (s): cpu = 00:00:01 ; elapsed = 00:00:01 . Memory (MB): peak = 1215.711 ; gain = 26.340

Phase 3.5 Small Shape Detail Placement
Phase 3.5 Small Shape Detail Placement | Checksum: bf6f84b0

Time (s): cpu = 00:00:02 ; elapsed = 00:00:02 . Memory (MB): peak = 1220.109 ; gain = 30.738

Phase 3.6 Re-assign LUT pins
Phase 3.6 Re-assign LUT pins | Checksum: bf6f84b0

Time (s): cpu = 00:00:02 ; elapsed = 00:00:02 . Memory (MB): peak = 1220.109 ; gain = 30.738

Phase 3.7 Pipeline Register Optimization
Phase 3.7 Pipeline Register Optimization | Checksum: bf6f84b0

Time (s): cpu = 00:00:02 ; elapsed = 00:00:02 . Memory (MB): peak = 1220.109 ; gain = 30.738
Phase 3 Detail Placement | Checksum: bf6f84b0

Time (s): cpu = 00:00:02 ; elapsed = 00:00:02 . Memory (MB): peak = 1220.109 ; gain = 30.738

Phase 4 Post Placement Optimization and Clean-Up

Phase 4.1 Post Commit Optimization
Phase 4.1 Post Commit Optimization | Checksum: bf6f84b0

Time (s): cpu = 00:00:02 ; elapsed = 00:00:02 . Memory (MB): peak = 1220.109 ; gain = 30.738

Phase 4.2 Post Placement Cleanup
Phase 4.2 Post Placement Cleanup | Checksum: bf6f84b0

Time (s): cpu = 00:00:02 ; elapsed = 00:00:02 . Memory (MB): peak = 1220.109 ; gain = 30.738

Phase 4.3 Placer Reporting
Phase 4.3 Placer Reporting | Checksum: bf6f84b0

Time (s): cpu = 00:00:02 ; elapsed = 00:00:02 . Memory (MB): peak = 1220.109 ; gain = 30.738

Phase 4.4 Final Placement Cleanup
Phase 4.4 Final Placement Cleanup | Checksum: bf6f84b0

Time (s): cpu = 00:00:02 ; elapsed = 00:00:02 . Memory (MB): peak = 1220.109 ; gain = 30.738
Phase 4 Post Placement Optimization and Clean-Up | Checksum: bf6f84b0

Time (s): cpu = 00:00:02 ; elapsed = 00:00:02 . Memory (MB): peak = 1220.109 ; gain = 30.738
Ending Placer Task | Checksum: ab8066fb

Time (s): cpu = 00:00:02 ; elapsed = 00:00:02 . Memory (MB): peak = 1220.109 ; gain = 30.738
INFO: [Common 17-83] Releasing license: Implementation
41 Infos, 1 Warnings, 0 Critical Warnings and 0 Errors encountered.
place_design completed successfully
INFO: [Timing 38-480] Writing timing data to binary archive.
Writing placer database...
Writing XDEF routing.
Writing XDEF routing logical nets.
Writing XDEF routing special nets.
Write XDEF Complete: Time (s): cpu = 00:00:00 ; elapsed = 00:00:00.037 . Memory (MB): peak = 1222.746 ; gain = 2.637
INFO: [Common 17-1381] The checkpoint 'D:/Source/Digital-Design-Software/Lab01/Lab0104/Lab0104.runs/impl_1/ex04_placed.dcp' has been generated.
INFO: [runtcl-4] Executing : report_io -file ex04_io_placed.rpt
report_io: Time (s): cpu = 00:00:00 ; elapsed = 00:00:00.030 . Memory (MB): peak = 1229.770 ; gain = 0.000
INFO: [runtcl-4] Executing : report_utilization -file ex04_utilization_placed.rpt -pb ex04_utilization_placed.pb
report_utilization: Time (s): cpu = 00:00:00 ; elapsed = 00:00:00.029 . Memory (MB): peak = 1229.770 ; gain = 0.000
INFO: [runtcl-4] Executing : report_control_sets -verbose -file ex04_control_sets_placed.rpt
report_control_sets: Time (s): cpu = 00:00:00 ; elapsed = 00:00:00.001 . Memory (MB): peak = 1229.770 ; gain = 0.000
Command: route_design
Attempting to get a license for feature 'Implementation' and/or device 'xc7a100t'
INFO: [Common 17-349] Got license for feature 'Implementation' and/or device 'xc7a100t'
Running DRC as a precondition to command route_design
INFO: [DRC 23-27] Running DRC with 2 threads
INFO: [Vivado_Tcl 4-198] DRC finished with 0 Errors
INFO: [Vivado_Tcl 4-199] Please refer to the DRC report (report_drc) for more information.


Starting Routing Task
INFO: [Route 35-254] Multithreading enabled for route_design using a maximum of 2 CPUs
Checksum: PlaceDB: a9bc3ee8 ConstDB: 0 ShapeSum: 1c42813 RouteDB: 0

Phase 1 Build RT Design
Phase 1 Build RT Design | Checksum: 1600d7ac8

Time (s): cpu = 00:00:30 ; elapsed = 00:00:27 . Memory (MB): peak = 1385.539 ; gain = 155.770
Post Restoration Checksum: NetGraph: a5e9e082 NumContArr: ba239a46 Constraints: 0 Timing: 0

Phase 2 Router Initialization
INFO: [Route 35-64] No timing constraints were detected. The router will operate in resource-optimization mode.

Phase 2.1 Fix Topology Constraints
Phase 2.1 Fix Topology Constraints | Checksum: 1600d7ac8

Time (s): cpu = 00:00:30 ; elapsed = 00:00:27 . Memory (MB): peak = 1391.613 ; gain = 161.844

Phase 2.2 Pre Route Cleanup
Phase 2.2 Pre Route Cleanup | Checksum: 1600d7ac8

Time (s): cpu = 00:00:30 ; elapsed = 00:00:27 . Memory (MB): peak = 1391.613 ; gain = 161.844
 Number of Nodes with overlaps = 0
Phase 2 Router Initialization | Checksum: b66d5ed1

Time (s): cpu = 00:00:30 ; elapsed = 00:00:27 . Memory (MB): peak = 1396.098 ; gain = 166.328

Phase 3 Initial Routing
 Number of Nodes with overlaps = 0
Phase 3 Initial Routing | Checksum: 12171037c

Time (s): cpu = 00:00:30 ; elapsed = 00:00:28 . Memory (MB): peak = 1396.098 ; gain = 166.328

Phase 4 Rip-up And Reroute

Phase 4.1 Global Iteration 0
Phase 4.1 Global Iteration 0 | Checksum: 12171037c

Time (s): cpu = 00:00:30 ; elapsed = 00:00:28 . Memory (MB): peak = 1396.098 ; gain = 166.328
Phase 4 Rip-up And Reroute | Checksum: 12171037c

Time (s): cpu = 00:00:30 ; elapsed = 00:00:28 . Memory (MB): peak = 1396.098 ; gain = 166.328

Phase 5 Delay and Skew Optimization
Phase 5 Delay and Skew Optimization | Checksum: 12171037c

Time (s): cpu = 00:00:30 ; elapsed = 00:00:28 . Memory (MB): peak = 1396.098 ; gain = 166.328

Phase 6 Post Hold Fix

Phase 6.1 Hold Fix Iter
Phase 6.1 Hold Fix Iter | Checksum: 12171037c

Time (s): cpu = 00:00:30 ; elapsed = 00:00:28 . Memory (MB): peak = 1396.098 ; gain = 166.328
Phase 6 Post Hold Fix | Checksum: 12171037c

Time (s): cpu = 00:00:30 ; elapsed = 00:00:28 . Memory (MB): peak = 1396.098 ; gain = 166.328

Phase 7 Route finalize

Router Utilization Summary
  Global Vertical Routing Utilization    = 0.00269835 %
  Global Horizontal Routing Utilization  = 0.000994601 %
  Routable Net Status*
  *Does not include unroutable nets such as driverless and loadless.
  Run report_route_status for detailed report.
  Number of Failed Nets               = 0
  Number of Unrouted Nets             = 0
  Number of Partially Routed Nets     = 0
  Number of Node Overlaps             = 0

Congestion Report
North Dir 1x1 Area, Max Cong = 6.30631%, No Congested Regions.
South Dir 1x1 Area, Max Cong = 3.6036%, No Congested Regions.
East Dir 1x1 Area, Max Cong = 2.94118%, No Congested Regions.
West Dir 1x1 Area, Max Cong = 5.88235%, No Congested Regions.

------------------------------
Reporting congestion hotspots
------------------------------
Direction: North
----------------
Congested clusters found at Level 0
Effective congestion level: 0 Aspect Ratio: 1 Sparse Ratio: 0
Direction: South
----------------
Congested clusters found at Level 0
Effective congestion level: 0 Aspect Ratio: 1 Sparse Ratio: 0
Direction: East
----------------
Congested clusters found at Level 0
Effective congestion level: 0 Aspect Ratio: 1 Sparse Ratio: 0
Direction: West
----------------
Congested clusters found at Level 0
Effective congestion level: 0 Aspect Ratio: 1 Sparse Ratio: 0

Phase 7 Route finalize | Checksum: 12171037c

Time (s): cpu = 00:00:30 ; elapsed = 00:00:28 . Memory (MB): peak = 1396.098 ; gain = 166.328

Phase 8 Verifying routed nets

 Verification completed successfully
Phase 8 Verifying routed nets | Checksum: 12171037c

Time (s): cpu = 00:00:30 ; elapsed = 00:00:28 . Memory (MB): peak = 1398.418 ; gain = 168.648

Phase 9 Depositing Routes
Phase 9 Depositing Routes | Checksum: 12171037c

Time (s): cpu = 00:00:30 ; elapsed = 00:00:28 . Memory (MB): peak = 1398.418 ; gain = 168.648
INFO: [Route 35-16] Router Completed Successfully

Time (s): cpu = 00:00:30 ; elapsed = 00:00:28 . Memory (MB): peak = 1398.418 ; gain = 168.648

Routing Is Done.
INFO: [Common 17-83] Releasing license: Implementation
54 Infos, 1 Warnings, 0 Critical Warnings and 0 Errors encountered.
route_design completed successfully
route_design: Time (s): cpu = 00:00:31 ; elapsed = 00:00:28 . Memory (MB): peak = 1398.418 ; gain = 168.648
INFO: [Timing 38-480] Writing timing data to binary archive.
Writing placer database...
Writing XDEF routing.
Writing XDEF routing logical nets.
Writing XDEF routing special nets.
Write XDEF Complete: Time (s): cpu = 00:00:00 ; elapsed = 00:00:00.038 . Memory (MB): peak = 1398.418 ; gain = 0.000
INFO: [Common 17-1381] The checkpoint 'D:/Source/Digital-Design-Software/Lab01/Lab0104/Lab0104.runs/impl_1/ex04_routed.dcp' has been generated.
INFO: [runtcl-4] Executing : report_drc -file ex04_drc_routed.rpt -pb ex04_drc_routed.pb -rpx ex04_drc_routed.rpx
Command: report_drc -file ex04_drc_routed.rpt -pb ex04_drc_routed.pb -rpx ex04_drc_routed.rpx
INFO: [DRC 23-27] Running DRC with 2 threads
INFO: [Coretcl 2-168] The results of DRC are in file D:/Source/Digital-Design-Software/Lab01/Lab0104/Lab0104.runs/impl_1/ex04_drc_routed.rpt.
report_drc completed successfully
INFO: [runtcl-4] Executing : report_methodology -file ex04_methodology_drc_routed.rpt -pb ex04_methodology_drc_routed.pb -rpx ex04_methodology_drc_routed.rpx
Command: report_methodology -file ex04_methodology_drc_routed.rpt -pb ex04_methodology_drc_routed.pb -rpx ex04_methodology_drc_routed.rpx
INFO: [Timing 38-35] Done setting XDC timing constraints.
INFO: [Timing 38-35] Done setting XDC timing constraints.
INFO: [DRC 23-133] Running Methodology with 2 threads
INFO: [Coretcl 2-1520] The results of Report Methodology are in file D:/Source/Digital-Design-Software/Lab01/Lab0104/Lab0104.runs/impl_1/ex04_methodology_drc_routed.rpt.
report_methodology completed successfully
INFO: [runtcl-4] Executing : report_power -file ex04_power_routed.rpt -pb ex04_power_summary_routed.pb -rpx ex04_power_routed.rpx
Command: report_power -file ex04_power_routed.rpt -pb ex04_power_summary_routed.pb -rpx ex04_power_routed.rpx
WARNING: [Power 33-232] No user defined clocks were found in the design!
Resolution: Please specify clocks using create_clock/create_generated_clock for sequential elements. For pure combinatorial circuits, please specify a virtual clock, otherwise the vectorless estimation might be inaccurate
INFO: [Timing 38-35] Done setting XDC timing constraints.
Running Vector-less Activity Propagation...

Finished Running Vector-less Activity Propagation
66 Infos, 2 Warnings, 0 Critical Warnings and 0 Errors encountered.
report_power completed successfully
INFO: [runtcl-4] Executing : report_route_status -file ex04_route_status.rpt -pb ex04_route_status.pb
INFO: [runtcl-4] Executing : report_timing_summary -max_paths 10 -file ex04_timing_summary_routed.rpt -pb ex04_timing_summary_routed.pb -rpx ex04_timing_summary_routed.rpx -warn_on_violation 
INFO: [Timing 38-91] UpdateTimingParams: Speed grade: -1, Delay Type: min_max, Timing Stage: Requireds.
INFO: [Timing 38-191] Multithreading enabled for timing update using a maximum of 2 CPUs
WARNING: [Timing 38-313] There are no user specified timing constraints. Timing constraints are needed for proper timing analysis.
INFO: [runtcl-4] Executing : report_incremental_reuse -file ex04_incremental_reuse_routed.rpt
INFO: [Vivado_Tcl 4-545] No incremental reuse to report, no incremental placement and routing data was found.
INFO: [runtcl-4] Executing : report_clock_utilization -file ex04_clock_utilization_routed.rpt
INFO: [runtcl-4] Executing : report_bus_skew -warn_on_violation -file ex04_bus_skew_routed.rpt -pb ex04_bus_skew_routed.pb -rpx ex04_bus_skew_routed.rpx
INFO: [Timing 38-91] UpdateTimingParams: Speed grade: -1, Delay Type: min_max, Timing Stage: Requireds.
INFO: [Timing 38-191] Multithreading enabled for timing update using a maximum of 2 CPUs
INFO: [Common 17-206] Exiting Vivado at Mon Sep 16 15:48:53 2024...
