
*** Running vivado
    with args -log ex02.vdi -applog -m64 -product Vivado -messageDb vivado.pb -mode batch -source ex02.tcl -notrace


****** Vivado v2018.2 (64-bit)
  **** SW Build 2258646 on Thu Jun 14 20:03:12 MDT 2018
  **** IP Build 2256618 on Thu Jun 14 22:10:49 MDT 2018
    ** Copyright 1986-2018 Xilinx, Inc. All Rights Reserved.

source ex02.tcl -notrace
Command: link_design -top ex02 -part xc7a100tcsg324-1
Design is defaulting to srcset: sources_1
Design is defaulting to constrset: constrs_1
INFO: [Netlist 29-17] Analyzing 3 Unisim elements for replacement
INFO: [Netlist 29-28] Unisim Transformation completed in 0 CPU seconds
INFO: [Project 1-479] Netlist was created with Vivado 2018.2
INFO: [Device 21-403] Loading part xc7a100tcsg324-1
INFO: [Project 1-570] Preparing netlist for logic optimization
Parsing XDC File [D:/Source/Digital-Design-Software/Lab01/Lab0102/Lab0102.srcs/constrs_1/new/ex02.xdc]
Finished Parsing XDC File [D:/Source/Digital-Design-Software/Lab01/Lab0102/Lab0102.srcs/constrs_1/new/ex02.xdc]
INFO: [Opt 31-138] Pushed 0 inverter(s) to 0 load pin(s).
INFO: [Project 1-111] Unisim Transformation Summary:
No Unisim elements were transformed.

7 Infos, 0 Warnings, 0 Critical Warnings and 0 Errors encountered.
link_design completed successfully
link_design: Time (s): cpu = 00:00:05 ; elapsed = 00:00:07 . Memory (MB): peak = 652.402 ; gain = 320.633
Command: opt_design
Attempting to get a license for feature 'Implementation' and/or device 'xc7a100t'
INFO: [Common 17-349] Got license for feature 'Implementation' and/or device 'xc7a100t'
Running DRC as a precondition to command opt_design

Starting DRC Task
INFO: [DRC 23-27] Running DRC with 2 threads
INFO: [Project 1-461] DRC finished with 0 Errors
INFO: [Project 1-462] Please refer to the DRC report (report_drc) for more information.

Time (s): cpu = 00:00:00 ; elapsed = 00:00:00.105 . Memory (MB): peak = 653.871 ; gain = 1.469

Starting Cache Timing Information Task
INFO: [Timing 38-35] Done setting XDC timing constraints.
Ending Cache Timing Information Task | Checksum: 165ccaf0f

Time (s): cpu = 00:00:08 ; elapsed = 00:00:10 . Memory (MB): peak = 1163.973 ; gain = 510.102

Starting Logic Optimization Task

Phase 1 Retarget
INFO: [Opt 31-138] Pushed 0 inverter(s) to 0 load pin(s).
INFO: [Opt 31-49] Retargeted 0 cell(s).
Phase 1 Retarget | Checksum: 165ccaf0f

Time (s): cpu = 00:00:00 ; elapsed = 00:00:00.005 . Memory (MB): peak = 1163.973 ; gain = 0.000
INFO: [Opt 31-389] Phase Retarget created 0 cells and removed 0 cells

Phase 2 Constant propagation
INFO: [Opt 31-138] Pushed 0 inverter(s) to 0 load pin(s).
Phase 2 Constant propagation | Checksum: 165ccaf0f

Time (s): cpu = 00:00:00 ; elapsed = 00:00:00.005 . Memory (MB): peak = 1163.973 ; gain = 0.000
INFO: [Opt 31-389] Phase Constant propagation created 0 cells and removed 0 cells

Phase 3 Sweep
Phase 3 Sweep | Checksum: 165ccaf0f

Time (s): cpu = 00:00:00 ; elapsed = 00:00:00.006 . Memory (MB): peak = 1163.973 ; gain = 0.000
INFO: [Opt 31-389] Phase Sweep created 0 cells and removed 0 cells

Phase 4 BUFG optimization
Phase 4 BUFG optimization | Checksum: 165ccaf0f

Time (s): cpu = 00:00:00 ; elapsed = 00:00:00.007 . Memory (MB): peak = 1163.973 ; gain = 0.000
INFO: [Opt 31-662] Phase BUFG optimization created 0 cells of which 0 are BUFGs and removed 0 cells.

Phase 5 Shift Register Optimization
Phase 5 Shift Register Optimization | Checksum: 165ccaf0f

Time (s): cpu = 00:00:00 ; elapsed = 00:00:00.008 . Memory (MB): peak = 1163.973 ; gain = 0.000
INFO: [Opt 31-389] Phase Shift Register Optimization created 0 cells and removed 0 cells

Phase 6 Post Processing Netlist
Phase 6 Post Processing Netlist | Checksum: 165ccaf0f

Time (s): cpu = 00:00:00 ; elapsed = 00:00:00.009 . Memory (MB): peak = 1163.973 ; gain = 0.000
INFO: [Opt 31-389] Phase Post Processing Netlist created 0 cells and removed 0 cells

Starting Connectivity Check Task

Time (s): cpu = 00:00:00 ; elapsed = 00:00:00 . Memory (MB): peak = 1163.973 ; gain = 0.000
Ending Logic Optimization Task | Checksum: 165ccaf0f

Time (s): cpu = 00:00:00 ; elapsed = 00:00:00.009 . Memory (MB): peak = 1163.973 ; gain = 0.000

Starting Power Optimization Task
INFO: [Pwropt 34-132] Skipping clock gating for clocks with a period < 2.00 ns.
Ending Power Optimization Task | Checksum: 165ccaf0f

Time (s): cpu = 00:00:00 ; elapsed = 00:00:00.005 . Memory (MB): peak = 1163.973 ; gain = 0.000

Starting Final Cleanup Task
Ending Final Cleanup Task | Checksum: 165ccaf0f

Time (s): cpu = 00:00:00 ; elapsed = 00:00:00 . Memory (MB): peak = 1163.973 ; gain = 0.000
INFO: [Common 17-83] Releasing license: Implementation
23 Infos, 0 Warnings, 0 Critical Warnings and 0 Errors encountered.
opt_design completed successfully
opt_design: Time (s): cpu = 00:00:08 ; elapsed = 00:00:10 . Memory (MB): peak = 1163.973 ; gain = 511.570
INFO: [Timing 38-480] Writing timing data to binary archive.
Writing placer database...
Writing XDEF routing.
Writing XDEF routing logical nets.
Writing XDEF routing special nets.
Write XDEF Complete: Time (s): cpu = 00:00:00 ; elapsed = 00:00:00.040 . Memory (MB): peak = 1163.973 ; gain = 0.000
INFO: [Common 17-1381] The checkpoint 'D:/Source/Digital-Design-Software/Lab01/Lab0102/Lab0102.runs/impl_1/ex02_opt.dcp' has been generated.
INFO: [runtcl-4] Executing : report_drc -file ex02_drc_opted.rpt -pb ex02_drc_opted.pb -rpx ex02_drc_opted.rpx
Command: report_drc -file ex02_drc_opted.rpt -pb ex02_drc_opted.pb -rpx ex02_drc_opted.rpx
INFO: [IP_Flow 19-234] Refreshing IP repositories
INFO: [IP_Flow 19-1704] No user IP repositories specified
INFO: [IP_Flow 19-2313] Loaded Vivado IP repository 'D:/Xilinx/Vivado/2018.2/data/ip'.
INFO: [DRC 23-27] Running DRC with 2 threads
INFO: [Coretcl 2-168] The results of DRC are in file D:/Source/Digital-Design-Software/Lab01/Lab0102/Lab0102.runs/impl_1/ex02_drc_opted.rpt.
report_drc completed successfully
Command: place_design
Attempting to get a license for feature 'Implementation' and/or device 'xc7a100t'
INFO: [Common 17-349] Got license for feature 'Implementation' and/or device 'xc7a100t'
INFO: [DRC 23-27] Running DRC with 2 threads
INFO: [Vivado_Tcl 4-198] DRC finished with 0 Errors
INFO: [Vivado_Tcl 4-199] Please refer to the DRC report (report_drc) for more information.
Running DRC as a precondition to command place_design
INFO: [DRC 23-27] Running DRC with 2 threads
INFO: [Vivado_Tcl 4-198] DRC finished with 0 Errors
INFO: [Vivado_Tcl 4-199] Please refer to the DRC report (report_drc) for more information.

Starting Placer Task
INFO: [Place 30-611] Multithreading enabled for place_design using a maximum of 2 CPUs

Phase 1 Placer Initialization

Phase 1.1 Placer Initialization Netlist Sorting
Netlist sorting complete. Time (s): cpu = 00:00:00 ; elapsed = 00:00:00 . Memory (MB): peak = 1184.977 ; gain = 0.000
Phase 1.1 Placer Initialization Netlist Sorting | Checksum: ac8f19d9

Time (s): cpu = 00:00:00 ; elapsed = 00:00:00.005 . Memory (MB): peak = 1184.977 ; gain = 0.000
Netlist sorting complete. Time (s): cpu = 00:00:00 ; elapsed = 00:00:00 . Memory (MB): peak = 1184.977 ; gain = 0.000

Phase 1.2 IO Placement/ Clock Placement/ Build Placer Device
INFO: [Timing 38-35] Done setting XDC timing constraints.
Phase 1.2 IO Placement/ Clock Placement/ Build Placer Device | Checksum: ac8f19d9

Time (s): cpu = 00:00:00 ; elapsed = 00:00:00.711 . Memory (MB): peak = 1203.605 ; gain = 18.629

Phase 1.3 Build Placer Netlist Model
Phase 1.3 Build Placer Netlist Model | Checksum: e3c9fd0e

Time (s): cpu = 00:00:00 ; elapsed = 00:00:00.737 . Memory (MB): peak = 1203.605 ; gain = 18.629

Phase 1.4 Constrain Clocks/Macros
Phase 1.4 Constrain Clocks/Macros | Checksum: e3c9fd0e

Time (s): cpu = 00:00:00 ; elapsed = 00:00:00.739 . Memory (MB): peak = 1203.605 ; gain = 18.629
Phase 1 Placer Initialization | Checksum: e3c9fd0e

Time (s): cpu = 00:00:00 ; elapsed = 00:00:00.740 . Memory (MB): peak = 1203.605 ; gain = 18.629

Phase 2 Global Placement

Phase 2.1 Floorplanning
Phase 2.1 Floorplanning | Checksum: e3c9fd0e

Time (s): cpu = 00:00:00 ; elapsed = 00:00:00.763 . Memory (MB): peak = 1203.711 ; gain = 18.734
WARNING: [Place 46-29] place_design is not in timing mode. Skip physical synthesis in placer
Phase 2 Global Placement | Checksum: bd0966c2

Time (s): cpu = 00:00:01 ; elapsed = 00:00:02 . Memory (MB): peak = 1209.590 ; gain = 24.613

Phase 3 Detail Placement

Phase 3.1 Commit Multi Column Macros
Phase 3.1 Commit Multi Column Macros | Checksum: bd0966c2

Time (s): cpu = 00:00:01 ; elapsed = 00:00:02 . Memory (MB): peak = 1209.590 ; gain = 24.613

Phase 3.2 Commit Most Macros & LUTRAMs
Phase 3.2 Commit Most Macros & LUTRAMs | Checksum: 1a075e71e

Time (s): cpu = 00:00:01 ; elapsed = 00:00:02 . Memory (MB): peak = 1209.590 ; gain = 24.613

Phase 3.3 Area Swap Optimization
Phase 3.3 Area Swap Optimization | Checksum: 103aba1aa

Time (s): cpu = 00:00:01 ; elapsed = 00:00:02 . Memory (MB): peak = 1209.590 ; gain = 24.613

Phase 3.4 Pipeline Register Optimization
Phase 3.4 Pipeline Register Optimization | Checksum: 103aba1aa

Time (s): cpu = 00:00:01 ; elapsed = 00:00:02 . Memory (MB): peak = 1209.590 ; gain = 24.613

Phase 3.5 Small Shape Detail Placement
Phase 3.5 Small Shape Detail Placement | Checksum: b8033ae0

Time (s): cpu = 00:00:02 ; elapsed = 00:00:02 . Memory (MB): peak = 1213.949 ; gain = 28.973

Phase 3.6 Re-assign LUT pins
Phase 3.6 Re-assign LUT pins | Checksum: b8033ae0

Time (s): cpu = 00:00:02 ; elapsed = 00:00:02 . Memory (MB): peak = 1213.949 ; gain = 28.973

Phase 3.7 Pipeline Register Optimization
Phase 3.7 Pipeline Register Optimization | Checksum: b8033ae0

Time (s): cpu = 00:00:02 ; elapsed = 00:00:02 . Memory (MB): peak = 1213.949 ; gain = 28.973
Phase 3 Detail Placement | Checksum: b8033ae0

Time (s): cpu = 00:00:02 ; elapsed = 00:00:02 . Memory (MB): peak = 1213.949 ; gain = 28.973

Phase 4 Post Placement Optimization and Clean-Up

Phase 4.1 Post Commit Optimization
Phase 4.1 Post Commit Optimization | Checksum: b8033ae0

Time (s): cpu = 00:00:02 ; elapsed = 00:00:02 . Memory (MB): peak = 1213.949 ; gain = 28.973

Phase 4.2 Post Placement Cleanup
Phase 4.2 Post Placement Cleanup | Checksum: b8033ae0

Time (s): cpu = 00:00:02 ; elapsed = 00:00:02 . Memory (MB): peak = 1213.949 ; gain = 28.973

Phase 4.3 Placer Reporting
Phase 4.3 Placer Reporting | Checksum: b8033ae0

Time (s): cpu = 00:00:02 ; elapsed = 00:00:02 . Memory (MB): peak = 1213.949 ; gain = 28.973

Phase 4.4 Final Placement Cleanup
Phase 4.4 Final Placement Cleanup | Checksum: b8033ae0

Time (s): cpu = 00:00:02 ; elapsed = 00:00:02 . Memory (MB): peak = 1213.949 ; gain = 28.973
Phase 4 Post Placement Optimization and Clean-Up | Checksum: b8033ae0

Time (s): cpu = 00:00:02 ; elapsed = 00:00:02 . Memory (MB): peak = 1213.949 ; gain = 28.973
Ending Placer Task | Checksum: 8691ba04

Time (s): cpu = 00:00:02 ; elapsed = 00:00:02 . Memory (MB): peak = 1213.949 ; gain = 28.973
INFO: [Common 17-83] Releasing license: Implementation
41 Infos, 1 Warnings, 0 Critical Warnings and 0 Errors encountered.
place_design completed successfully
INFO: [Timing 38-480] Writing timing data to binary archive.
Writing placer database...
Writing XDEF routing.
Writing XDEF routing logical nets.
Writing XDEF routing special nets.
Write XDEF Complete: Time (s): cpu = 00:00:00 ; elapsed = 00:00:00.037 . Memory (MB): peak = 1216.730 ; gain = 2.781
INFO: [Common 17-1381] The checkpoint 'D:/Source/Digital-Design-Software/Lab01/Lab0102/Lab0102.runs/impl_1/ex02_placed.dcp' has been generated.
INFO: [runtcl-4] Executing : report_io -file ex02_io_placed.rpt
report_io: Time (s): cpu = 00:00:00 ; elapsed = 00:00:00.028 . Memory (MB): peak = 1223.805 ; gain = 0.000
INFO: [runtcl-4] Executing : report_utilization -file ex02_utilization_placed.rpt -pb ex02_utilization_placed.pb
report_utilization: Time (s): cpu = 00:00:00 ; elapsed = 00:00:00.030 . Memory (MB): peak = 1223.805 ; gain = 0.000
INFO: [runtcl-4] Executing : report_control_sets -verbose -file ex02_control_sets_placed.rpt
report_control_sets: Time (s): cpu = 00:00:00 ; elapsed = 00:00:00.001 . Memory (MB): peak = 1223.805 ; gain = 0.000
Command: route_design
Attempting to get a license for feature 'Implementation' and/or device 'xc7a100t'
INFO: [Common 17-349] Got license for feature 'Implementation' and/or device 'xc7a100t'
Running DRC as a precondition to command route_design
INFO: [DRC 23-27] Running DRC with 2 threads
INFO: [Vivado_Tcl 4-198] DRC finished with 0 Errors
INFO: [Vivado_Tcl 4-199] Please refer to the DRC report (report_drc) for more information.


Starting Routing Task
INFO: [Route 35-254] Multithreading enabled for route_design using a maximum of 2 CPUs
Checksum: PlaceDB: 12d1edf5 ConstDB: 0 ShapeSum: 73bfcc0f RouteDB: 0

Phase 1 Build RT Design
Phase 1 Build RT Design | Checksum: 1c4cbd7eb

Time (s): cpu = 00:00:27 ; elapsed = 00:00:26 . Memory (MB): peak = 1378.047 ; gain = 154.242
Post Restoration Checksum: NetGraph: e4b685da NumContArr: e0155211 Constraints: 0 Timing: 0

Phase 2 Router Initialization
INFO: [Route 35-64] No timing constraints were detected. The router will operate in resource-optimization mode.

Phase 2.1 Fix Topology Constraints
Phase 2.1 Fix Topology Constraints | Checksum: 1c4cbd7eb

Time (s): cpu = 00:00:28 ; elapsed = 00:00:26 . Memory (MB): peak = 1383.496 ; gain = 159.691

Phase 2.2 Pre Route Cleanup
Phase 2.2 Pre Route Cleanup | Checksum: 1c4cbd7eb

Time (s): cpu = 00:00:28 ; elapsed = 00:00:26 . Memory (MB): peak = 1383.496 ; gain = 159.691
Phase 2 Router Initialization | Checksum: 1c4cbd7eb

Time (s): cpu = 00:00:28 ; elapsed = 00:00:26 . Memory (MB): peak = 1387.535 ; gain = 163.730

Phase 3 Initial Routing
 Number of Nodes with overlaps = 0
Phase 3 Initial Routing | Checksum: f21c96a8

Time (s): cpu = 00:00:28 ; elapsed = 00:00:26 . Memory (MB): peak = 1387.535 ; gain = 163.730

Phase 4 Rip-up And Reroute

Phase 4.1 Global Iteration 0
Phase 4.1 Global Iteration 0 | Checksum: f21c96a8

Time (s): cpu = 00:00:28 ; elapsed = 00:00:26 . Memory (MB): peak = 1387.535 ; gain = 163.730
Phase 4 Rip-up And Reroute | Checksum: f21c96a8

Time (s): cpu = 00:00:28 ; elapsed = 00:00:26 . Memory (MB): peak = 1387.535 ; gain = 163.730

Phase 5 Delay and Skew Optimization
Phase 5 Delay and Skew Optimization | Checksum: f21c96a8

Time (s): cpu = 00:00:28 ; elapsed = 00:00:26 . Memory (MB): peak = 1387.535 ; gain = 163.730

Phase 6 Post Hold Fix

Phase 6.1 Hold Fix Iter
Phase 6.1 Hold Fix Iter | Checksum: f21c96a8

Time (s): cpu = 00:00:28 ; elapsed = 00:00:26 . Memory (MB): peak = 1387.535 ; gain = 163.730
Phase 6 Post Hold Fix | Checksum: f21c96a8

Time (s): cpu = 00:00:28 ; elapsed = 00:00:26 . Memory (MB): peak = 1387.535 ; gain = 163.730

Phase 7 Route finalize

Router Utilization Summary
  Global Vertical Routing Utilization    = 0.00121861 %
  Global Horizontal Routing Utilization  = 0.000781472 %
  Routable Net Status*
  *Does not include unroutable nets such as driverless and loadless.
  Run report_route_status for detailed report.
  Number of Failed Nets               = 0
  Number of Unrouted Nets             = 0
  Number of Partially Routed Nets     = 0
  Number of Node Overlaps             = 0

Congestion Report
North Dir 1x1 Area, Max Cong = 5.40541%, No Congested Regions.
South Dir 1x1 Area, Max Cong = 0%, No Congested Regions.
East Dir 1x1 Area, Max Cong = 2.94118%, No Congested Regions.
West Dir 1x1 Area, Max Cong = 5.88235%, No Congested Regions.

------------------------------
Reporting congestion hotspots
------------------------------
Direction: North
----------------
Congested clusters found at Level 0
Effective congestion level: 0 Aspect Ratio: 1 Sparse Ratio: 0
Direction: South
----------------
Congested clusters found at Level 0
Effective congestion level: 0 Aspect Ratio: 1 Sparse Ratio: 0
Direction: East
----------------
Congested clusters found at Level 0
Effective congestion level: 0 Aspect Ratio: 1 Sparse Ratio: 0
Direction: West
----------------
Congested clusters found at Level 0
Effective congestion level: 0 Aspect Ratio: 1 Sparse Ratio: 0

Phase 7 Route finalize | Checksum: f21c96a8

Time (s): cpu = 00:00:28 ; elapsed = 00:00:26 . Memory (MB): peak = 1387.535 ; gain = 163.730

Phase 8 Verifying routed nets

 Verification completed successfully
Phase 8 Verifying routed nets | Checksum: f21c96a8

Time (s): cpu = 00:00:28 ; elapsed = 00:00:26 . Memory (MB): peak = 1389.867 ; gain = 166.062

Phase 9 Depositing Routes
Phase 9 Depositing Routes | Checksum: 19c4af69c

Time (s): cpu = 00:00:28 ; elapsed = 00:00:26 . Memory (MB): peak = 1389.867 ; gain = 166.062
INFO: [Route 35-16] Router Completed Successfully

Time (s): cpu = 00:00:28 ; elapsed = 00:00:26 . Memory (MB): peak = 1389.867 ; gain = 166.062

Routing Is Done.
INFO: [Common 17-83] Releasing license: Implementation
54 Infos, 1 Warnings, 0 Critical Warnings and 0 Errors encountered.
route_design completed successfully
route_design: Time (s): cpu = 00:00:29 ; elapsed = 00:00:27 . Memory (MB): peak = 1389.867 ; gain = 166.062
INFO: [Timing 38-480] Writing timing data to binary archive.
Writing placer database...
Writing XDEF routing.
Writing XDEF routing logical nets.
Writing XDEF routing special nets.
Write XDEF Complete: Time (s): cpu = 00:00:00 ; elapsed = 00:00:00.035 . Memory (MB): peak = 1389.867 ; gain = 0.000
INFO: [Common 17-1381] The checkpoint 'D:/Source/Digital-Design-Software/Lab01/Lab0102/Lab0102.runs/impl_1/ex02_routed.dcp' has been generated.
INFO: [runtcl-4] Executing : report_drc -file ex02_drc_routed.rpt -pb ex02_drc_routed.pb -rpx ex02_drc_routed.rpx
Command: report_drc -file ex02_drc_routed.rpt -pb ex02_drc_routed.pb -rpx ex02_drc_routed.rpx
INFO: [DRC 23-27] Running DRC with 2 threads
INFO: [Coretcl 2-168] The results of DRC are in file D:/Source/Digital-Design-Software/Lab01/Lab0102/Lab0102.runs/impl_1/ex02_drc_routed.rpt.
report_drc completed successfully
INFO: [runtcl-4] Executing : report_methodology -file ex02_methodology_drc_routed.rpt -pb ex02_methodology_drc_routed.pb -rpx ex02_methodology_drc_routed.rpx
Command: report_methodology -file ex02_methodology_drc_routed.rpt -pb ex02_methodology_drc_routed.pb -rpx ex02_methodology_drc_routed.rpx
INFO: [Timing 38-35] Done setting XDC timing constraints.
INFO: [Timing 38-35] Done setting XDC timing constraints.
INFO: [DRC 23-133] Running Methodology with 2 threads
INFO: [Coretcl 2-1520] The results of Report Methodology are in file D:/Source/Digital-Design-Software/Lab01/Lab0102/Lab0102.runs/impl_1/ex02_methodology_drc_routed.rpt.
report_methodology completed successfully
INFO: [runtcl-4] Executing : report_power -file ex02_power_routed.rpt -pb ex02_power_summary_routed.pb -rpx ex02_power_routed.rpx
Command: report_power -file ex02_power_routed.rpt -pb ex02_power_summary_routed.pb -rpx ex02_power_routed.rpx
WARNING: [Power 33-232] No user defined clocks were found in the design!
Resolution: Please specify clocks using create_clock/create_generated_clock for sequential elements. For pure combinatorial circuits, please specify a virtual clock, otherwise the vectorless estimation might be inaccurate
INFO: [Timing 38-35] Done setting XDC timing constraints.
Running Vector-less Activity Propagation...

Finished Running Vector-less Activity Propagation
66 Infos, 2 Warnings, 0 Critical Warnings and 0 Errors encountered.
report_power completed successfully
INFO: [runtcl-4] Executing : report_route_status -file ex02_route_status.rpt -pb ex02_route_status.pb
INFO: [runtcl-4] Executing : report_timing_summary -max_paths 10 -file ex02_timing_summary_routed.rpt -pb ex02_timing_summary_routed.pb -rpx ex02_timing_summary_routed.rpx -warn_on_violation 
INFO: [Timing 38-91] UpdateTimingParams: Speed grade: -1, Delay Type: min_max, Timing Stage: Requireds.
INFO: [Timing 38-191] Multithreading enabled for timing update using a maximum of 2 CPUs
WARNING: [Timing 38-313] There are no user specified timing constraints. Timing constraints are needed for proper timing analysis.
INFO: [runtcl-4] Executing : report_incremental_reuse -file ex02_incremental_reuse_routed.rpt
INFO: [Vivado_Tcl 4-545] No incremental reuse to report, no incremental placement and routing data was found.
INFO: [runtcl-4] Executing : report_clock_utilization -file ex02_clock_utilization_routed.rpt
INFO: [runtcl-4] Executing : report_bus_skew -warn_on_violation -file ex02_bus_skew_routed.rpt -pb ex02_bus_skew_routed.pb -rpx ex02_bus_skew_routed.rpx
INFO: [Timing 38-91] UpdateTimingParams: Speed grade: -1, Delay Type: min_max, Timing Stage: Requireds.
INFO: [Timing 38-191] Multithreading enabled for timing update using a maximum of 2 CPUs
INFO: [Common 17-206] Exiting Vivado at Mon Sep 16 13:42:33 2024...
