#-----------------------------------------------------------
# Vivado v2018.2 (64-bit)
# SW Build 2258646 on Thu Jun 14 20:03:12 MDT 2018
# IP Build 2256618 on Thu Jun 14 22:10:49 MDT 2018
# Start of session at: Mon Sep 16 14:53:04 2024
# Process ID: 10772
# Current directory: D:/Source/Digital-Design-Software/Lab01/Example
# Command line: vivado.exe -gui_launcher_event rodinguilauncherevent21788 D:\Source\Digital-Design-Software\Lab01\Example\Example.xpr
# Log file: D:/Source/Digital-Design-Software/Lab01/Example/vivado.log
# Journal file: D:/Source/Digital-Design-Software/Lab01/Example\vivado.jou
#-----------------------------------------------------------
start_gui
open_project D:/Source/Digital-Design-Software/Lab01/Example/Example.xpr
Scanning sources...
Finished scanning sources
INFO: [IP_Flow 19-234] Refreshing IP repositories
INFO: [IP_Flow 19-1704] No user IP repositories specified
INFO: [IP_Flow 19-2313] Loaded Vivado IP repository 'D:/Xilinx/Vivado/2018.2/data/ip'.
open_project: Time (s): cpu = 00:00:06 ; elapsed = 00:00:05 . Memory (MB): peak = 1007.785 ; gain = 238.281
update_compile_order -fileset sources_1
launch_simulation
INFO: [Vivado 12-5682] Launching behavioral simulation in 'D:/Source/Digital-Design-Software/Lab01/Example/Example.sim/sim_1/behav/xsim'
INFO: [SIM-utils-51] Simulation object is 'sim_1'
INFO: [SIM-utils-54] Inspecting design source files for 'ex' in fileset 'sim_1'...
INFO: [USF-XSim-97] Finding global include files...
INFO: [USF-XSim-98] Fetching design files from 'sim_1'...
INFO: [USF-XSim-2] XSim::Compile design
INFO: [USF-XSim-61] Executing 'COMPILE and ANALYZE' step in 'D:/Source/Digital-Design-Software/Lab01/Example/Example.sim/sim_1/behav/xsim'
"xvhdl --incr --relax -prj ex_vhdl.prj"
INFO: [VRFC 10-163] Analyzing VHDL file "D:/Source/Digital-Design-Software/Lab01/Example/Example.srcs/sources_1/new/ex.vhd" into library xil_defaultlib
INFO: [VRFC 10-307] analyzing entity ex
INFO: [USF-XSim-69] 'compile' step finished in '1' seconds
INFO: [USF-XSim-3] XSim::Elaborate design
INFO: [USF-XSim-61] Executing 'ELABORATE' step in 'D:/Source/Digital-Design-Software/Lab01/Example/Example.sim/sim_1/behav/xsim'
Vivado Simulator 2018.2
Copyright 1986-1999, 2001-2018 Xilinx, Inc. All Rights Reserved.
Running: D:/Xilinx/Vivado/2018.2/bin/unwrapped/win64.o/xelab.exe -wto 47d9e35071c04d63805768903d787f4b --incr --debug typical --relax --mt 2 -L xil_defaultlib -L secureip --snapshot ex_behav xil_defaultlib.ex -log elaborate.log 
Using 2 slave threads.
Starting static elaboration
Completed static elaboration
Starting simulation data flow analysis
Completed simulation data flow analysis
Time Resolution for simulation is 1ps
Compiling package std.standard
Compiling package std.textio
Compiling package ieee.std_logic_1164
Compiling architecture behavioral of entity xil_defaultlib.ex
Built simulation snapshot ex_behav

****** Webtalk v2018.2 (64-bit)
  **** SW Build 2258646 on Thu Jun 14 20:03:12 MDT 2018
  **** IP Build 2256618 on Thu Jun 14 22:10:49 MDT 2018
    ** Copyright 1986-2018 Xilinx, Inc. All Rights Reserved.

source D:/Source/Digital-Design-Software/Lab01/Example/Example.sim/sim_1/behav/xsim/xsim.dir/ex_behav/webtalk/xsim_webtalk.tcl -notrace
INFO: [Common 17-206] Exiting Webtalk at Mon Sep 16 14:53:29 2024...
INFO: [USF-XSim-69] 'elaborate' step finished in '2' seconds
INFO: [USF-XSim-4] XSim::Simulate design
INFO: [USF-XSim-61] Executing 'SIMULATE' step in 'D:/Source/Digital-Design-Software/Lab01/Example/Example.sim/sim_1/behav/xsim'
INFO: [USF-XSim-98] *** Running xsim
   with args "ex_behav -key {Behavioral:sim_1:Functional:ex} -tclbatch {ex.tcl} -log {simulate.log}"
INFO: [USF-XSim-8] Loading simulator feature
Vivado Simulator 2018.2
Time resolution is 1 ps
source ex.tcl
# set curr_wave [current_wave_config]
# if { [string length $curr_wave] == 0 } {
#   if { [llength [get_objects]] > 0} {
#     add_wave /
#     set_property needs_save false [current_wave_config]
#   } else {
#      send_msg_id Add_Wave-1 WARNING "No top level signals found. Simulator will start without a wave window. If you want to open a wave window go to 'File->New Waveform Configuration' or type 'create_wave_config' in the TCL console."
#   }
# }
# run 1000ns
INFO: [USF-XSim-96] XSim completed. Design snapshot 'ex_behav' loaded.
INFO: [USF-XSim-97] XSim simulation ran for 1000ns
launch_simulation: Time (s): cpu = 00:00:00 ; elapsed = 00:00:06 . Memory (MB): peak = 1013.199 ; gain = 0.000
add_force {/ex/S} -radix hex {0 0ns} {1 50000ps} -repeat_every 100000ps
add_force {/ex/A} -radix hex {0 0ns} {1 25000ps} -repeat_every 50000ps
add_force {/ex/B} -radix hex {0 0ns} {1 12500ps} -repeat_every 25000ps
restart
INFO: [Simtcl 6-17] Simulation restarted
add_force {/ex/S} -radix hex {0 0ns} {1 50000ps} -repeat_every 100000ps
add_force {/ex/A} -radix hex {0 0ns} {1 25000ps} -repeat_every 50000ps
add_force {/ex/B} -radix hex {0 0ns} {1 12500ps} -repeat_every 25000ps
run 200 ns
close_sim
INFO: [Simtcl 6-16] Simulation closed
exit
INFO: [Common 17-206] Exiting Vivado at Mon Sep 16 14:55:09 2024...
